[2020-02-16 10:40:49] local.ERROR: Invalid characters passed for attempted conversion, these have been ignored {"userId":1,"exception":"[object] (ErrorException(code: 0): Invalid characters passed for attempted conversion, these have been ignored at /home/almadani/public_html/tahfidz-monitoring/vendor/dompdf/dompdf/lib/Cpdf.php:2545)
[stacktrace]
#0 [internal function]: Illuminate\\Foundation\\Bootstrap\\HandleExceptions->handleError(8192, 'Invalid charact...', '/home/almadani/...', 2545, Array)
#1 /home/almadani/public_html/tahfidz-monitoring/vendor/dompdf/dompdf/lib/Cpdf.php(2545): hexdec('space')
#2 /home/almadani/public_html/tahfidz-monitoring/vendor/dompdf/dompdf/lib/Cpdf.php(2669): Cpdf->openFont('/home/almadani/...')
#3 /home/almadani/public_html/tahfidz-monitoring/vendor/dompdf/dompdf/src/Adapter/CPDF.php(1006): Cpdf->selectFont('/home/almadani/...')
#4 /home/almadani/public_html/tahfidz-monitoring/vendor/dompdf/dompdf/src/FontMetrics.php(310): Dompdf\\Adapter\\CPDF->get_font_height('/home/almadani/...', 12)
#5 /home/almadani/public_html/tahfidz-monitoring/vendor/dompdf/dompdf/src/FrameReflower/Text.php(197): Dompdf\\FontMetrics->getFontHeight('/home/almadani/...', 12)
#6 /home/almadani/public_html/tahfidz-monitoring/vendor/dompdf/dompdf/src/FrameReflower/Text.php(372): Dompdf\\FrameReflower\\Text->_layout_line()
#7 /home/almadani/public_html/tahfidz-monitoring/vendor/dompdf/dompdf/src/FrameDecorator/AbstractFrameDecorator.php(895): Dompdf\\FrameReflower\\Text->reflow(Object(Dompdf\\FrameDecorator\\Block))
#8 /home/almadani/public_html/tahfidz-monitoring/vendor/dompdf/dompdf/src/FrameReflower/Block.php(845): Dompdf\\FrameDecorator\\AbstractFrameDecorator->reflow(Object(Dompdf\\FrameDecorator\\Block))
#9 /home/almadani/public_html/tahfidz-monitoring/vendor/dompdf/dompdf/src/FrameDecorator/AbstractFrameDecorator.php(895): Dompdf\\FrameReflower\\Block->reflow(NULL)
#10 /home/almadani/public_html/tahfidz-monitoring/vendor/dompdf/dompdf/src/FrameReflower/Page.php(141): Dompdf\\FrameDecorator\\AbstractFrameDecorator->reflow()
#11 /home/almadani/public_html/tahfidz-monitoring/vendor/dompdf/dompdf/src/FrameDecorator/AbstractFrameDecorator.php(895): Dompdf\\FrameReflower\\Page->reflow(NULL)
#12 /home/almadani/public_html/tahfidz-monitoring/vendor/dompdf/dompdf/src/Dompdf.php(847): Dompdf\\FrameDecorator\\AbstractFrameDecorator->reflow()
#13 /home/almadani/public_html/tahfidz-monitoring/vendor/barryvdh/laravel-dompdf/src/PDF.php(201): Dompdf\\Dompdf->render()
#14 /home/almadani/public_html/tahfidz-monitoring/vendor/barryvdh/laravel-dompdf/src/PDF.php(146): Barryvdh\\DomPDF\\PDF->render()
#15 /home/almadani/public_html/tahfidz-monitoring/vendor/barryvdh/laravel-dompdf/src/PDF.php(184): Barryvdh\\DomPDF\\PDF->output()
#16 /home/almadani/public_html/tahfidz-monitoring/app/Http/Controllers/DailyReportController.php(67): Barryvdh\\DomPDF\\PDF->stream()
#17 [internal function]: App\\Http\\Controllers\\DailyReportController->printPdf(Object(Illuminate\\Http\\Request))
#18 /home/almadani/public_html/tahfidz-monitoring/vendor/laravel/framework/src/Illuminate/Routing/Controller.php(54): call_user_func_array(Array, Array)
#19 /home/almadani/public_html/tahfidz-monitoring/vendor/laravel/framework/src/Illuminate/Routing/ControllerDispatcher.php(45): Illuminate\\Routing\\Controller->callAction('printPdf', Array)
#20 /home/almadani/public_html/tahfidz-monitoring/vendor/laravel/framework/src/Illuminate/Routing/Route.php(219): Illuminate\\Routing\\ControllerDispatcher->dispatch(Object(Illuminate\\Routing\\Route), Object(App\\Http\\Controllers\\DailyReportController), 'printPdf')
#21 /home/almadani/public_html/tahfidz-monitoring/vendor/laravel/framework/src/Illuminate/Routing/Route.php(176): Illuminate\\Routing\\Route->runController()
#22 /home/almadani/public_html/tahfidz-monitoring/vendor/laravel/framework/src/Illuminate/Routing/Router.php(680): Illuminate\\Routing\\Route->run()
#23 /home/almadani/public_html/tahfidz-monitoring/vendor/laravel/framework/src/Illuminate/Routing/Pipeline.php(30): Illuminate\\Routing\\Router->Illuminate\\Routing\\{closure}(Object(Illuminate\\Http\\Request))
#24 /home/almadani/public_html/tahfidz-monitoring/vendor/laravel/framework/src/Illuminate/Routing/Middleware/SubstituteBindings.php(41): Illuminate\\Routing\\Pipeline->Illuminate\\Routing\\{closure}(Object(Illuminate\\Http\\Request))
#25 /home/almadani/public_html/tahfidz-monitoring/vendor/laravel/framework/src/Illuminate/Pipeline/Pipeline.php(163): Illuminate\\Routing\\Middleware\\SubstituteBindings->handle(Object(Illuminate\\Http\\Request), Object(Closure))
#26 /home/almadani/public_html/tahfidz-monitoring/vendor/laravel/framework/src/Illuminate/Routing/Pipeline.php(53): Illuminate\\Pipeline\\Pipeline->Illuminate\\Pipeline\\{closure}(Object(Illuminate\\Http\\Request))
#27 /home/almadani/public_html/tahfidz-monitoring/vendor/laravel/framework/src/Illuminate/Auth/Middleware/Authenticate.php(43): Illuminate\\Routing\\Pipeline->Illuminate\\Routing\\{closure}(Object(Illuminate\\Http\\Request))
#28 /home/almadani/public_html/tahfidz-monitoring/vendor/laravel/framework/src/Illuminate/Pipeline/Pipeline.php(163): Illuminate\\Auth\\Middleware\\Authenticate->handle(Object(Illuminate\\Http\\Request), Object(Closure))
#29 /home/almadani/public_html/tahfidz-monitoring/vendor/laravel/framework/src/Illuminate/Routing/Pipeline.php(53): Illuminate\\Pipeline\\Pipeline->Illuminate\\Pipeline\\{closure}(Object(Illuminate\\Http\\Request))
#30 /home/almadani/public_html/tahfidz-monitoring/vendor/laravel/framework/src/Illuminate/Foundation/Http/Middleware/VerifyCsrfToken.php(75): Illuminate\\Routing\\Pipeline->Illuminate\\Routing\\{closure}(Object(Illuminate\\Http\\Request))
#31 /home/almadani/public_html/tahfidz-monitoring/vendor/laravel/framework/src/Illuminate/Pipeline/Pipeline.php(163): Illuminate\\Foundation\\Http\\Middleware\\VerifyCsrfToken->handle(Object(Illuminate\\Http\\Request), Object(Closure))
#32 /home/almadani/public_html/tahfidz-monitoring/vendor/laravel/framework/src/Illuminate/Routing/Pipeline.php(53): Illuminate\\Pipeline\\Pipeline->Illuminate\\Pipeline\\{closure}(Object(Illuminate\\Http\\Request))
#33 /home/almadani/public_html/tahfidz-monitoring/vendor/laravel/framework/src/Illuminate/View/Middleware/ShareErrorsFromSession.php(49): Illuminate\\Routing\\Pipeline->Illuminate\\Routing\\{closure}(Object(Illuminate\\Http\\Request))
#34 /home/almadani/public_html/tahfidz-monitoring/vendor/laravel/framework/src/Illuminate/Pipeline/Pipeline.php(163): Illuminate\\View\\Middleware\\ShareErrorsFromSession->handle(Object(Illuminate\\Http\\Request), Object(Closure))
#35 /home/almadani/public_html/tahfidz-monitoring/vendor/laravel/framework/src/Illuminate/Routing/Pipeline.php(53): Illuminate\\Pipeline\\Pipeline->Illuminate\\Pipeline\\{closure}(Object(Illuminate\\Http\\Request))
#36 /home/almadani/public_html/tahfidz-monitoring/vendor/laravel/framework/src/Illuminate/Session/Middleware/StartSession.php(56): Illuminate\\Routing\\Pipeline->Illuminate\\Routing\\{closure}(Object(Illuminate\\Http\\Request))
#37 /home/almadani/public_html/tahfidz-monitoring/vendor/laravel/framework/src/Illuminate/Pipeline/Pipeline.php(163): Illuminate\\Session\\Middleware\\StartSession->handle(Object(Illuminate\\Http\\Request), Object(Closure))
#38 /home/almadani/public_html/tahfidz-monitoring/vendor/laravel/framework/src/Illuminate/Routing/Pipeline.php(53): Illuminate\\Pipeline\\Pipeline->Illuminate\\Pipeline\\{closure}(Object(Illuminate\\Http\\Request))
#39 /home/almadani/public_html/tahfidz-monitoring/vendor/laravel/framework/src/Illuminate/Cookie/Middleware/AddQueuedCookiesToResponse.php(37): Illuminate\\Routing\\Pipeline->Illuminate\\Routing\\{closure}(Object(Illuminate\\Http\\Request))
#40 /home/almadani/public_html/tahfidz-monitoring/vendor/laravel/framework/src/Illuminate/Pipeline/Pipeline.php(163): Illuminate\\Cookie\\Middleware\\AddQueuedCookiesToResponse->handle(Object(Illuminate\\Http\\Request), Object(Closure))
#41 /home/almadani/public_html/tahfidz-monitoring/vendor/laravel/framework/src/Illuminate/Routing/Pipeline.php(53): Illuminate\\Pipeline\\Pipeline->Illuminate\\Pipeline\\{closure}(Object(Illuminate\\Http\\Request))
#42 /home/almadani/public_html/tahfidz-monitoring/vendor/laravel/framework/src/Illuminate/Cookie/Middleware/EncryptCookies.php(66): Illuminate\\Routing\\Pipeline->Illuminate\\Routing\\{closure}(Object(Illuminate\\Http\\Request))
#43 /home/almadani/public_html/tahfidz-monitoring/vendor/laravel/framework/src/Illuminate/Pipeline/Pipeline.php(163): Illuminate\\Cookie\\Middleware\\EncryptCookies->handle(Object(Illuminate\\Http\\Request), Object(Closure))
#44 /home/almadani/public_html/tahfidz-monitoring/vendor/laravel/framework/src/Illuminate/Routing/Pipeline.php(53): Illuminate\\Pipeline\\Pipeline->Illuminate\\Pipeline\\{closure}(Object(Illuminate\\Http\\Request))
#45 /home/almadani/public_html/tahfidz-monitoring/vendor/laravel/framework/src/Illuminate/Pipeline/Pipeline.php(104): Illuminate\\Routing\\Pipeline->Illuminate\\Routing\\{closure}(Object(Illuminate\\Http\\Request))
#46 /home/almadani/public_html/tahfidz-monitoring/vendor/laravel/framework/src/Illuminate/Routing/Router.php(682): Illuminate\\Pipeline\\Pipeline->then(Object(Closure))
#47 /home/almadani/public_html/tahfidz-monitoring/vendor/laravel/framework/src/Illuminate/Routing/Router.php(657): Illuminate\\Routing\\Router->runRouteWithinStack(Object(Illuminate\\Routing\\Route), Object(Illuminate\\Http\\Request))
#48 /home/almadani/public_html/tahfidz-monitoring/vendor/laravel/framework/src/Illuminate/Routing/Router.php(623): Illuminate\\Routing\\Router->runRoute(Object(Illuminate\\Http\\Request), Object(Illuminate\\Routing\\Route))
#49 /home/almadani/public_html/tahfidz-monitoring/vendor/laravel/framework/src/Illuminate/Routing/Router.php(612): Illuminate\\Routing\\Router->dispatchToRoute(Object(Illuminate\\Http\\Request))
#50 /home/almadani/public_html/tahfidz-monitoring/vendor/laravel/framework/src/Illuminate/Foundation/Http/Kernel.php(176): Illuminate\\Routing\\Router->dispatch(Object(Illuminate\\Http\\Request))
#51 /home/almadani/public_html/tahfidz-monitoring/vendor/laravel/framework/src/Illuminate/Routing/Pipeline.php(30): Illuminate\\Foundation\\Http\\Kernel->Illuminate\\Foundation\\Http\\{closure}(Object(Illuminate\\Http\\Request))
#52 /home/almadani/public_html/tahfidz-monitoring/vendor/fideloper/proxy/src/TrustProxies.php(57): Illuminate\\Routing\\Pipeline->Illuminate\\Routing\\{closure}(Object(Illuminate\\Http\\Request))
#53 /home/almadani/public_html/tahfidz-monitoring/vendor/laravel/framework/src/Illuminate/Pipeline/Pipeline.php(163): Fideloper\\Proxy\\TrustProxies->handle(Object(Illuminate\\Http\\Request), Object(Closure))
#54 /home/almadani/public_html/tahfidz-monitoring/vendor/laravel/framework/src/Illuminate/Routing/Pipeline.php(53): Illuminate\\Pipeline\\Pipeline->Illuminate\\Pipeline\\{closure}(Object(Illuminate\\Http\\Request))
#55 /home/almadani/public_html/tahfidz-monitoring/vendor/laravel/framework/src/Illuminate/Foundation/Http/Middleware/TransformsRequest.php(21): Illuminate\\Routing\\Pipeline->Illuminate\\Routing\\{closure}(Object(Illuminate\\Http\\Request))
#56 /home/almadani/public_html/tahfidz-monitoring/vendor/laravel/framework/src/Illuminate/Pipeline/Pipeline.php(163): Illuminate\\Foundation\\Http\\Middleware\\TransformsRequest->handle(Object(Illuminate\\Http\\Request), Object(Closure))
#57 /home/almadani/public_html/tahfidz-monitoring/vendor/laravel/framework/src/Illuminate/Routing/Pipeline.php(53): Illuminate\\Pipeline\\Pipeline->Illuminate\\Pipeline\\{closure}(Object(Illuminate\\Http\\Request))
#58 /home/almadani/public_html/tahfidz-monitoring/vendor/laravel/framework/src/Illuminate/Foundation/Http/Middleware/TransformsRequest.php(21): Illuminate\\Routing\\Pipeline->Illuminate\\Routing\\{closure}(Object(Illuminate\\Http\\Request))
#59 /home/almadani/public_html/tahfidz-monitoring/vendor/laravel/framework/src/Illuminate/Pipeline/Pipeline.php(163): Illuminate\\Foundation\\Http\\Middleware\\TransformsRequest->handle(Object(Illuminate\\Http\\Request), Object(Closure))
#60 /home/almadani/public_html/tahfidz-monitoring/vendor/laravel/framework/src/Illuminate/Routing/Pipeline.php(53): Illuminate\\Pipeline\\Pipeline->Illuminate\\Pipeline\\{closure}(Object(Illuminate\\Http\\Request))
#61 /home/almadani/public_html/tahfidz-monitoring/vendor/laravel/framework/src/Illuminate/Foundation/Http/Middleware/ValidatePostSize.php(27): Illuminate\\Routing\\Pipeline->Illuminate\\Routing\\{closure}(Object(Illuminate\\Http\\Request))
#62 /home/almadani/public_html/tahfidz-monitoring/vendor/laravel/framework/src/Illuminate/Pipeline/Pipeline.php(163): Illuminate\\Foundation\\Http\\Middleware\\ValidatePostSize->handle(Object(Illuminate\\Http\\Request), Object(Closure))
#63 /home/almadani/public_html/tahfidz-monitoring/vendor/laravel/framework/src/Illuminate/Routing/Pipeline.php(53): Illuminate\\Pipeline\\Pipeline->Illuminate\\Pipeline\\{closure}(Object(Illuminate\\Http\\Request))
#64 /home/almadani/public_html/tahfidz-monitoring/vendor/laravel/framework/src/Illuminate/Foundation/Http/Middleware/CheckForMaintenanceMode.php(62): Illuminate\\Routing\\Pipeline->Illuminate\\Routing\\{closure}(Object(Illuminate\\Http\\Request))
#65 /home/almadani/public_html/tahfidz-monitoring/vendor/laravel/framework/src/Illuminate/Pipeline/Pipeline.php(163): Illuminate\\Foundation\\Http\\Middleware\\CheckForMaintenanceMode->handle(Object(Illuminate\\Http\\Request), Object(Closure))
#66 /home/almadani/public_html/tahfidz-monitoring/vendor/laravel/framework/src/Illuminate/Routing/Pipeline.php(53): Illuminate\\Pipeline\\Pipeline->Illuminate\\Pipeline\\{closure}(Object(Illuminate\\Http\\Request))
#67 /home/almadani/public_html/tahfidz-monitoring/vendor/laravel/framework/src/Illuminate/Pipeline/Pipeline.php(104): Illuminate\\Routing\\Pipeline->Illuminate\\Routing\\{closure}(Object(Illuminate\\Http\\Request))
#68 /home/almadani/public_html/tahfidz-monitoring/vendor/laravel/framework/src/Illuminate/Foundation/Http/Kernel.php(151): Illuminate\\Pipeline\\Pipeline->then(Object(Closure))
#69 /home/almadani/public_html/tahfidz-monitoring/vendor/laravel/framework/src/Illuminate/Foundation/Http/Kernel.php(116): Illuminate\\Foundation\\Http\\Kernel->sendRequestThroughRouter(Object(Illuminate\\Http\\Request))
#70 /home/almadani/public_html/tahfidz-monitoring/public/index.php(55): Illuminate\\Foundation\\Http\\Kernel->handle(Object(Illuminate\\Http\\Request))
#71 {main}
"} 
